<?xml version="1.0" encoding="UTF-8"?>
<!-- Generated by org.testng.reporters.JUnitReportReporter -->
<testsuite hostname="MAVPUN1121205" failures="0" tests="1" name="rahulshettyacademy.eCommerce_tc_4" time="35.987" errors="0" timestamp="2024-03-31T15:04:19 IST" skipped="0">
  <testcase classname="rahulshettyacademy.eCommerce_tc_4" name="FillForm" time="35.987"/>
  <system-out/>
</testsuite> <!-- rahulshettyacademy.eCommerce_tc_4 -->
