<?xml version="1.0" encoding="UTF-8"?>
<!-- Generated by org.testng.reporters.JUnitReportReporter -->
<testsuite hostname="MAVPUN1121205" failures="0" tests="1" name="rahulshettyacademy.eCommerce_tc_1" time="26.580" errors="0" timestamp="2024-03-30T20:00:41 IST" skipped="0">
  <testcase classname="rahulshettyacademy.eCommerce_tc_1" name="FillForm" time="26.580"/>
  <system-out/>
</testsuite> <!-- rahulshettyacademy.eCommerce_tc_1 -->
