<?xml version="1.0" encoding="UTF-8"?>
<!-- Generated by org.testng.reporters.JUnitReportReporter -->
<testsuite hostname="MAVPUN1121205" failures="0" tests="1" name="rahulshettyacademy.DragDropDemo" time="7.240" errors="0" timestamp="2024-03-30T12:03:14 IST" skipped="0">
  <testcase classname="rahulshettyacademy.DragDropDemo" name="DragDropTest" time="7.240"/>
  <system-out/>
</testsuite> <!-- rahulshettyacademy.DragDropDemo -->
