<?xml version="1.0" encoding="UTF-8"?>
<!-- Generated by org.testng.reporters.JUnitReportReporter -->
<testsuite hostname="MAVPUN1121205" failures="0" tests="1" name="rahulshettyacademy.ScrollDemo" time="8.310" errors="0" timestamp="2024-03-30T09:57:55 IST" skipped="0">
  <testcase classname="rahulshettyacademy.ScrollDemo" name="ScrollDemoTest" time="8.310"/>
  <system-out/>
</testsuite> <!-- rahulshettyacademy.ScrollDemo -->
