<?xml version="1.0" encoding="UTF-8"?>
<!-- Generated by org.testng.reporters.JUnitReportReporter -->
<testsuite hostname="MAVPUN1121205" failures="0" tests="1" name="rahulshettyacademy.AppiumBasicClass" time="18.290" errors="0" timestamp="2024-03-29T11:28:43 IST" skipped="0">
  <testcase classname="rahulshettyacademy.AppiumBasicClass" name="AppiumTest" time="18.290"/>
  <system-out/>
</testsuite> <!-- rahulshettyacademy.AppiumBasicClass -->
