<?xml version="1.0" encoding="UTF-8"?>
<!-- Generated by org.testng.reporters.JUnitReportReporter -->
<testsuite hostname="MAVPUN1121205" failures="0" tests="1" name="rahulshettyacademy.MiscellaneousAppiumBasic" time="15.057" errors="0" timestamp="2024-03-30T12:49:19 IST" skipped="0">
  <testcase classname="rahulshettyacademy.MiscellaneousAppiumBasic" name="WifiSettingName" time="15.057"/>
  <system-out/>
</testsuite> <!-- rahulshettyacademy.MiscellaneousAppiumBasic -->
