<?xml version="1.0" encoding="UTF-8"?>
<!-- Generated by org.testng.reporters.JUnitReportReporter -->
<testsuite hostname="MAVPUN1121205" failures="0" tests="1" name="rahulshettyacademy.AppiumBasic" time="7.373" errors="0" timestamp="2024-03-29T12:32:08 IST" skipped="0">
  <testcase classname="rahulshettyacademy.AppiumBasic" name="WifiSettingName" time="7.373"/>
  <system-out/>
</testsuite> <!-- rahulshettyacademy.AppiumBasic -->
